d:\sdl3_engine\engine\engine\x64\debug\vc143.pdb
d:\sdl3_engine\engine\engine\x64\debug\vc143.idb
d:\sdl3_engine\engine\engine\x64\debug\windowrender.obj
d:\sdl3_engine\engine\engine\x64\debug\vector2d.obj
d:\sdl3_engine\engine\engine\x64\debug\texturemanager.obj
d:\sdl3_engine\engine\engine\x64\debug\spatialgrid.obj
d:\sdl3_engine\engine\engine\x64\debug\map.obj
d:\sdl3_engine\engine\engine\x64\debug\hitboxcomponent.obj
d:\sdl3_engine\engine\engine\x64\debug\engine.obj
d:\sdl3_engine\engine\engine\x64\debug\ecs.obj
d:\sdl3_engine\engine\engine\x64\debug\assetmanager.obj
d:\sdl3_engine\engine\engine\x64\debug\animationjson.obj
d:\sdl3_engine\engine\x64\debug\engine.dll
d:\sdl3_engine\engine\x64\debug\engine.pdb
d:\sdl3_engine\engine\x64\debug\engine.lib
d:\sdl3_engine\engine\x64\debug\engine.exp
d:\sdl3_engine\engine\engine\x64\debug\engine.ilk
d:\sdl3_engine\engine\engine\x64\debug\engine.tlog\cl.command.1.tlog
d:\sdl3_engine\engine\engine\x64\debug\engine.tlog\cl.items.tlog
d:\sdl3_engine\engine\engine\x64\debug\engine.tlog\cl.read.1.tlog
d:\sdl3_engine\engine\engine\x64\debug\engine.tlog\cl.write.1.tlog
d:\sdl3_engine\engine\engine\x64\debug\engine.tlog\link.command.1.tlog
d:\sdl3_engine\engine\engine\x64\debug\engine.tlog\link.read.1.tlog
d:\sdl3_engine\engine\engine\x64\debug\engine.tlog\link.secondary.1.tlog
d:\sdl3_engine\engine\engine\x64\debug\engine.tlog\link.write.1.tlog
