d:\sdl3_engine\engine\engine\x64\release\vc143.pdb
d:\sdl3_engine\engine\engine\x64\release\windowrender.obj
d:\sdl3_engine\engine\engine\x64\release\vector2d.obj
d:\sdl3_engine\engine\engine\x64\release\texturemanager.obj
d:\sdl3_engine\engine\engine\x64\release\spatialgrid.obj
d:\sdl3_engine\engine\engine\x64\release\map.obj
d:\sdl3_engine\engine\engine\x64\release\engine.obj
d:\sdl3_engine\engine\engine\x64\release\ecs.obj
d:\sdl3_engine\engine\engine\x64\release\assetmanager.obj
d:\sdl3_engine\engine\engine\x64\release\animationjson.obj
d:\sdl3_engine\engine\x64\release\engine.dll
d:\sdl3_engine\engine\x64\release\engine.pdb
d:\sdl3_engine\engine\x64\release\engine.lib
d:\sdl3_engine\engine\x64\release\engine.exp
d:\sdl3_engine\engine\engine\x64\release\engine.ipdb
d:\sdl3_engine\engine\engine\x64\release\engine.iobj
d:\sdl3_engine\engine\engine\x64\release\engine.tlog\cl.command.1.tlog
d:\sdl3_engine\engine\engine\x64\release\engine.tlog\cl.items.tlog
d:\sdl3_engine\engine\engine\x64\release\engine.tlog\cl.read.1.tlog
d:\sdl3_engine\engine\engine\x64\release\engine.tlog\cl.write.1.tlog
d:\sdl3_engine\engine\engine\x64\release\engine.tlog\link.command.1.tlog
d:\sdl3_engine\engine\engine\x64\release\engine.tlog\link.read.1.tlog
d:\sdl3_engine\engine\engine\x64\release\engine.tlog\link.secondary.1.tlog
d:\sdl3_engine\engine\engine\x64\release\engine.tlog\link.write.1.tlog
