  AnimationJSON.cpp
D:\SDL3_Engine\Engine\Animation.h(23,31): warning C4244: '=': conversion from 'Uint64' to 'Uint32', possible loss of data
  (compiling source file 'AnimationJSON.cpp')
  
D:\SDL3_Engine\Engine\AnimationJSON.h(21,35): warning C4251: 'AnimationJSON::animations': 'std::map<std::string,Animation,std::less<std::string>,std::allocator<std::pair<const std::string,Animation>>>' needs to have dll-interface to be used by clients of 'AnimationJSON'
  (compiling source file 'AnimationJSON.cpp')
      C:\Program Files\Microsoft Visual Studio\2022\Community\VC\Tools\MSVC\14.44.35207\include\map(72,7):
      see declaration of 'std::map<std::string,Animation,std::less<std::string>,std::allocator<std::pair<const std::string,Animation>>>'
  
D:\SDL3_Engine\Engine\AnimationJSON.h(28,7): warning C4251: 'AnimationJSON::animationJ': 'nlohmann::json_abi_v3_12_0::basic_json<std::map,std::vector,std::string,bool,int64_t,uint64_t,double,std::allocator,nlohmann::json_abi_v3_12_0::adl_serializer,std::vector<uint8_t,std::allocator<uint8_t>>,void>' needs to have dll-interface to be used by clients of 'AnimationJSON'
  (compiling source file 'AnimationJSON.cpp')
      D:\SDL3_Engine\Engine\packages\nlohmann.json.3.12.0\build\native\include\nlohmann\json.hpp(20112,7):
      see declaration of 'nlohmann::json_abi_v3_12_0::basic_json<std::map,std::vector,std::string,bool,int64_t,uint64_t,double,std::allocator,nlohmann::json_abi_v3_12_0::adl_serializer,std::vector<uint8_t,std::allocator<uint8_t>>,void>'
  
D:\SDL3_Engine\Engine\AnimationJSON.cpp(18,22): warning C4101: 'destRect': unreferenced local variable
  AssetManager.cpp
D:\SDL3_Engine\Engine\TextureManager.h(22,28): warning C4251: 'TextureManager::textures': 'std::vector<SDL_Texture *,std::allocator<SDL_Texture *>>' needs to have dll-interface to be used by clients of 'TextureManager'
  (compiling source file 'AssetManager.cpp')
      C:\Program Files\Microsoft Visual Studio\2022\Community\VC\Tools\MSVC\14.44.35207\include\vector(442,7):
      see declaration of 'std::vector<SDL_Texture *,std::allocator<SDL_Texture *>>'
  
D:\SDL3_Engine\Engine\AssetManager.h(22,38): warning C4251: 'AssetManager::textures': 'std::map<std::string,SDL_Texture *,std::less<std::string>,std::allocator<std::pair<const std::string,SDL_Texture *>>>' needs to have dll-interface to be used by clients of 'AssetManager'
  (compiling source file 'AssetManager.cpp')
      C:\Program Files\Microsoft Visual Studio\2022\Community\VC\Tools\MSVC\14.44.35207\include\map(72,7):
      see declaration of 'std::map<std::string,SDL_Texture *,std::less<std::string>,std::allocator<std::pair<const std::string,SDL_Texture *>>>'
  
  ECS.cpp
D:\SDL3_Engine\Engine\ECS.h(116,42): warning C4251: 'Entity::components': 'std::vector<std::unique_ptr<Component,std::default_delete<Component>>,std::allocator<std::unique_ptr<Component,std::default_delete<Component>>>>' needs to have dll-interface to be used by clients of 'Entity'
  (compiling source file 'ECS.cpp')
      C:\Program Files\Microsoft Visual Studio\2022\Community\VC\Tools\MSVC\14.44.35207\include\vector(442,7):
      see declaration of 'std::vector<std::unique_ptr<Component,std::default_delete<Component>>,std::allocator<std::unique_ptr<Component,std::default_delete<Component>>>>'
  
D:\SDL3_Engine\Engine\ECS.h(119,18): warning C4251: 'Entity::componentBitset': 'std::bitset<32>' needs to have dll-interface to be used by clients of 'Entity'
  (compiling source file 'ECS.cpp')
      C:\Program Files\Microsoft Visual Studio\2022\Community\VC\Tools\MSVC\14.44.35207\include\bitset(72,7):
      see declaration of 'std::bitset<32>'
  
D:\SDL3_Engine\Engine\ECS.h(120,14): warning C4251: 'Entity::groupBitset': 'std::bitset<32>' needs to have dll-interface to be used by clients of 'Entity'
  (compiling source file 'ECS.cpp')
      C:\Program Files\Microsoft Visual Studio\2022\Community\VC\Tools\MSVC\14.44.35207\include\bitset(72,7):
      see declaration of 'std::bitset<32>'
  
D:\SDL3_Engine\Engine\ECS.h(187,39): warning C4251: 'Manager::entities': 'std::vector<std::unique_ptr<Entity,std::default_delete<Entity>>,std::allocator<std::unique_ptr<Entity,std::default_delete<Entity>>>>' needs to have dll-interface to be used by clients of 'Manager'
  (compiling source file 'ECS.cpp')
      C:\Program Files\Microsoft Visual Studio\2022\Community\VC\Tools\MSVC\14.44.35207\include\vector(442,7):
      see declaration of 'std::vector<std::unique_ptr<Entity,std::default_delete<Entity>>,std::allocator<std::unique_ptr<Entity,std::default_delete<Entity>>>>'
  
  Engine.cpp
D:\SDL3_Engine\Engine\ECS.h(116,42): warning C4251: 'Entity::components': 'std::vector<std::unique_ptr<Component,std::default_delete<Component>>,std::allocator<std::unique_ptr<Component,std::default_delete<Component>>>>' needs to have dll-interface to be used by clients of 'Entity'
  (compiling source file 'Engine.cpp')
      C:\Program Files\Microsoft Visual Studio\2022\Community\VC\Tools\MSVC\14.44.35207\include\vector(442,7):
      see declaration of 'std::vector<std::unique_ptr<Component,std::default_delete<Component>>,std::allocator<std::unique_ptr<Component,std::default_delete<Component>>>>'
  
D:\SDL3_Engine\Engine\ECS.h(119,18): warning C4251: 'Entity::componentBitset': 'std::bitset<32>' needs to have dll-interface to be used by clients of 'Entity'
  (compiling source file 'Engine.cpp')
      C:\Program Files\Microsoft Visual Studio\2022\Community\VC\Tools\MSVC\14.44.35207\include\bitset(72,7):
      see declaration of 'std::bitset<32>'
  
D:\SDL3_Engine\Engine\ECS.h(120,14): warning C4251: 'Entity::groupBitset': 'std::bitset<32>' needs to have dll-interface to be used by clients of 'Entity'
  (compiling source file 'Engine.cpp')
      C:\Program Files\Microsoft Visual Studio\2022\Community\VC\Tools\MSVC\14.44.35207\include\bitset(72,7):
      see declaration of 'std::bitset<32>'
  
D:\SDL3_Engine\Engine\ECS.h(187,39): warning C4251: 'Manager::entities': 'std::vector<std::unique_ptr<Entity,std::default_delete<Entity>>,std::allocator<std::unique_ptr<Entity,std::default_delete<Entity>>>>' needs to have dll-interface to be used by clients of 'Manager'
  (compiling source file 'Engine.cpp')
      C:\Program Files\Microsoft Visual Studio\2022\Community\VC\Tools\MSVC\14.44.35207\include\vector(442,7):
      see declaration of 'std::vector<std::unique_ptr<Entity,std::default_delete<Entity>>,std::allocator<std::unique_ptr<Entity,std::default_delete<Entity>>>>'
  
D:\SDL3_Engine\Engine\TextureManager.h(22,28): warning C4251: 'TextureManager::textures': 'std::vector<SDL_Texture *,std::allocator<SDL_Texture *>>' needs to have dll-interface to be used by clients of 'TextureManager'
  (compiling source file 'Engine.cpp')
      C:\Program Files\Microsoft Visual Studio\2022\Community\VC\Tools\MSVC\14.44.35207\include\vector(442,7):
      see declaration of 'std::vector<SDL_Texture *,std::allocator<SDL_Texture *>>'
  
D:\SDL3_Engine\Engine\AssetManager.h(22,38): warning C4251: 'AssetManager::textures': 'std::map<std::string,SDL_Texture *,std::less<std::string>,std::allocator<std::pair<const std::string,SDL_Texture *>>>' needs to have dll-interface to be used by clients of 'AssetManager'
  (compiling source file 'Engine.cpp')
      C:\Program Files\Microsoft Visual Studio\2022\Community\VC\Tools\MSVC\14.44.35207\include\map(72,7):
      see declaration of 'std::map<std::string,SDL_Texture *,std::less<std::string>,std::allocator<std::pair<const std::string,SDL_Texture *>>>'
  
D:\SDL3_Engine\Engine\Animation.h(23,31): warning C4244: '=': conversion from 'Uint64' to 'Uint32', possible loss of data
  (compiling source file 'Engine.cpp')
  
D:\SDL3_Engine\Engine\AnimationJSON.h(21,35): warning C4251: 'AnimationJSON::animations': 'std::map<std::string,Animation,std::less<std::string>,std::allocator<std::pair<const std::string,Animation>>>' needs to have dll-interface to be used by clients of 'AnimationJSON'
  (compiling source file 'Engine.cpp')
      C:\Program Files\Microsoft Visual Studio\2022\Community\VC\Tools\MSVC\14.44.35207\include\map(72,7):
      see declaration of 'std::map<std::string,Animation,std::less<std::string>,std::allocator<std::pair<const std::string,Animation>>>'
  
D:\SDL3_Engine\Engine\AnimationJSON.h(28,7): warning C4251: 'AnimationJSON::animationJ': 'nlohmann::json_abi_v3_12_0::basic_json<std::map,std::vector,std::string,bool,int64_t,uint64_t,double,std::allocator,nlohmann::json_abi_v3_12_0::adl_serializer,std::vector<uint8_t,std::allocator<uint8_t>>,void>' needs to have dll-interface to be used by clients of 'AnimationJSON'
  (compiling source file 'Engine.cpp')
      D:\SDL3_Engine\Engine\packages\nlohmann.json.3.12.0\build\native\include\nlohmann\json.hpp(20112,7):
      see declaration of 'nlohmann::json_abi_v3_12_0::basic_json<std::map,std::vector,std::string,bool,int64_t,uint64_t,double,std::allocator,nlohmann::json_abi_v3_12_0::adl_serializer,std::vector<uint8_t,std::allocator<uint8_t>>,void>'
  
D:\SDL3_Engine\Engine\SpriteComponent.h(63,24): warning C4244: '=': conversion from 'int' to 'float', possible loss of data
  (compiling source file 'Engine.cpp')
  
D:\SDL3_Engine\Engine\SpriteComponent.h(64,24): warning C4244: '=': conversion from 'int' to 'float', possible loss of data
  (compiling source file 'Engine.cpp')
  
D:\SDL3_Engine\Engine\SpriteComponent.h(66,25): warning C4244: '=': conversion from 'int' to 'float', possible loss of data
  (compiling source file 'Engine.cpp')
  
D:\SDL3_Engine\Engine\SpriteComponent.h(67,25): warning C4244: '=': conversion from 'int' to 'float', possible loss of data
  (compiling source file 'Engine.cpp')
  
D:\SDL3_Engine\Engine\SpriteComponent.h(80,31): warning C4244: '=': conversion from 'Uint64' to 'Uint32', possible loss of data
  (compiling source file 'Engine.cpp')
  
D:\SDL3_Engine\Engine\SpriteComponent.h(91,51): warning C4267: '=': conversion from 'size_t' to 'int', possible loss of data
  (compiling source file 'Engine.cpp')
  
D:\SDL3_Engine\Engine\SpriteComponent.h(99,58): warning C4244: '=': conversion from 'int' to 'float', possible loss of data
  (compiling source file 'Engine.cpp')
  
D:\SDL3_Engine\Engine\SpriteComponent.h(100,58): warning C4244: '=': conversion from 'int' to 'float', possible loss of data
  (compiling source file 'Engine.cpp')
  
D:\SDL3_Engine\Engine\SpriteComponent.h(107,58): warning C4244: '=': conversion from 'int' to 'float', possible loss of data
  (compiling source file 'Engine.cpp')
  
D:\SDL3_Engine\Engine\SpriteComponent.h(108,58): warning C4244: '=': conversion from 'int' to 'float', possible loss of data
  (compiling source file 'Engine.cpp')
  
D:\SDL3_Engine\Engine\SpriteComponent.h(109,35): warning C4244: '=': conversion from 'int' to 'float', possible loss of data
  (compiling source file 'Engine.cpp')
  
D:\SDL3_Engine\Engine\SpriteComponent.h(110,36): warning C4244: '=': conversion from 'int' to 'float', possible loss of data
  (compiling source file 'Engine.cpp')
  
D:\SDL3_Engine\Engine\SpatialGrid.h(24,64): warning C4251: 'SpatialGrid::cells': 'std::vector<std::vector<std::vector<CollisionComponent *,std::allocator<CollisionComponent *>>,std::allocator<std::vector<CollisionComponent *,std::allocator<CollisionComponent *>>>>,std::allocator<std::vector<std::vector<CollisionComponent *,std::allocator<CollisionComponent *>>,std::allocator<std::vector<CollisionComponent *,std::allocator<CollisionComponent *>>>>>>' needs to have dll-interface to be used by clients of 'SpatialGrid'
  (compiling source file 'Engine.cpp')
      C:\Program Files\Microsoft Visual Studio\2022\Community\VC\Tools\MSVC\14.44.35207\include\vector(442,7):
      see declaration of 'std::vector<std::vector<std::vector<CollisionComponent *,std::allocator<CollisionComponent *>>,std::allocator<std::vector<CollisionComponent *,std::allocator<CollisionComponent *>>>>,std::allocator<std::vector<std::vector<CollisionComponent *,std::allocator<CollisionComponent *>>,std::allocator<std::vector<CollisionComponent *,std::allocator<CollisionComponent *>>>>>>'
  
D:\SDL3_Engine\Engine\SpatialGrid.h(25,79): warning C4251: 'SpatialGrid::objectCells': 'std::unordered_map<CollisionComponent *,std::vector<std::pair<int,int>,std::allocator<std::pair<int,int>>>,std::hash<CollisionComponent *>,std::equal_to<CollisionComponent *>,std::allocator<std::pair<CollisionComponent *const ,std::vector<std::pair<int,int>,std::allocator<std::pair<int,int>>>>>>' needs to have dll-interface to be used by clients of 'SpatialGrid'
  (compiling source file 'Engine.cpp')
      C:\Program Files\Microsoft Visual Studio\2022\Community\VC\Tools\MSVC\14.44.35207\include\unordered_map(61,7):
      see declaration of 'std::unordered_map<CollisionComponent *,std::vector<std::pair<int,int>,std::allocator<std::pair<int,int>>>,std::hash<CollisionComponent *>,std::equal_to<CollisionComponent *>,std::allocator<std::pair<CollisionComponent *const ,std::vector<std::pair<int,int>,std::allocator<std::pair<int,int>>>>>>'
  
D:\SDL3_Engine\Engine\CollisionComponent.h(27,39): warning C4244: '=': conversion from 'int' to 'float', possible loss of data
  (compiling source file 'Engine.cpp')
  
D:\SDL3_Engine\Engine\CollisionComponent.h(28,40): warning C4244: '=': conversion from 'int' to 'float', possible loss of data
  (compiling source file 'Engine.cpp')
  
D:\SDL3_Engine\Engine\CollisionComponent.h(37,39): warning C4244: '=': conversion from 'int' to 'float', possible loss of data
  (compiling source file 'Engine.cpp')
  
D:\SDL3_Engine\Engine\CollisionComponent.h(38,40): warning C4244: '=': conversion from 'int' to 'float', possible loss of data
  (compiling source file 'Engine.cpp')
  
D:\SDL3_Engine\Engine\CollisionComponent.h(58,38): warning C4244: '=': conversion from 'int' to 'float', possible loss of data
  (compiling source file 'Engine.cpp')
  
D:\SDL3_Engine\Engine\CollisionComponent.h(59,39): warning C4244: '=': conversion from 'int' to 'float', possible loss of data
  (compiling source file 'Engine.cpp')
  
D:\SDL3_Engine\Engine\CollisionComponent.h(85,38): warning C4244: '=': conversion from 'int' to 'float', possible loss of data
  (compiling source file 'Engine.cpp')
  
D:\SDL3_Engine\Engine\CollisionComponent.h(86,39): warning C4244: '=': conversion from 'int' to 'float', possible loss of data
  (compiling source file 'Engine.cpp')
  
  Map.cpp
D:\SDL3_Engine\Engine\Map.h(32,10): warning C4251: 'Map::mapJ': 'nlohmann::json_abi_v3_12_0::basic_json<std::map,std::vector,std::string,bool,int64_t,uint64_t,double,std::allocator,nlohmann::json_abi_v3_12_0::adl_serializer,std::vector<uint8_t,std::allocator<uint8_t>>,void>' needs to have dll-interface to be used by clients of 'Map'
  (compiling source file 'Map.cpp')
      D:\SDL3_Engine\Engine\packages\nlohmann.json.3.12.0\build\native\include\nlohmann\json.hpp(20112,7):
      see declaration of 'nlohmann::json_abi_v3_12_0::basic_json<std::map,std::vector,std::string,bool,int64_t,uint64_t,double,std::allocator,nlohmann::json_abi_v3_12_0::adl_serializer,std::vector<uint8_t,std::allocator<uint8_t>>,void>'
  
D:\SDL3_Engine\Engine\Map.h(33,27): warning C4251: 'Map::tileVec': 'std::vector<Map::TileData,std::allocator<Map::TileData>>' needs to have dll-interface to be used by clients of 'Map'
  (compiling source file 'Map.cpp')
      C:\Program Files\Microsoft Visual Studio\2022\Community\VC\Tools\MSVC\14.44.35207\include\vector(442,7):
      see declaration of 'std::vector<Map::TileData,std::allocator<Map::TileData>>'
  
D:\SDL3_Engine\Engine\Map.h(34,50): warning C4251: 'Map::mapLayers': 'std::map<std::string,std::vector<Map::TileData,std::allocator<Map::TileData>>,std::less<std::string>,std::allocator<std::pair<const std::string,std::vector<Map::TileData,std::allocator<Map::TileData>>>>>' needs to have dll-interface to be used by clients of 'Map'
  (compiling source file 'Map.cpp')
      C:\Program Files\Microsoft Visual Studio\2022\Community\VC\Tools\MSVC\14.44.35207\include\map(72,7):
      see declaration of 'std::map<std::string,std::vector<Map::TileData,std::allocator<Map::TileData>>,std::less<std::string>,std::allocator<std::pair<const std::string,std::vector<Map::TileData,std::allocator<Map::TileData>>>>>'
  
D:\SDL3_Engine\Engine\ECS.h(116,42): warning C4251: 'Entity::components': 'std::vector<std::unique_ptr<Component,std::default_delete<Component>>,std::allocator<std::unique_ptr<Component,std::default_delete<Component>>>>' needs to have dll-interface to be used by clients of 'Entity'
  (compiling source file 'Map.cpp')
      C:\Program Files\Microsoft Visual Studio\2022\Community\VC\Tools\MSVC\14.44.35207\include\vector(442,7):
      see declaration of 'std::vector<std::unique_ptr<Component,std::default_delete<Component>>,std::allocator<std::unique_ptr<Component,std::default_delete<Component>>>>'
  
D:\SDL3_Engine\Engine\ECS.h(119,18): warning C4251: 'Entity::componentBitset': 'std::bitset<32>' needs to have dll-interface to be used by clients of 'Entity'
  (compiling source file 'Map.cpp')
      C:\Program Files\Microsoft Visual Studio\2022\Community\VC\Tools\MSVC\14.44.35207\include\bitset(72,7):
      see declaration of 'std::bitset<32>'
  
D:\SDL3_Engine\Engine\ECS.h(120,14): warning C4251: 'Entity::groupBitset': 'std::bitset<32>' needs to have dll-interface to be used by clients of 'Entity'
  (compiling source file 'Map.cpp')
      C:\Program Files\Microsoft Visual Studio\2022\Community\VC\Tools\MSVC\14.44.35207\include\bitset(72,7):
      see declaration of 'std::bitset<32>'
  
D:\SDL3_Engine\Engine\ECS.h(187,39): warning C4251: 'Manager::entities': 'std::vector<std::unique_ptr<Entity,std::default_delete<Entity>>,std::allocator<std::unique_ptr<Entity,std::default_delete<Entity>>>>' needs to have dll-interface to be used by clients of 'Manager'
  (compiling source file 'Map.cpp')
      C:\Program Files\Microsoft Visual Studio\2022\Community\VC\Tools\MSVC\14.44.35207\include\vector(442,7):
      see declaration of 'std::vector<std::unique_ptr<Entity,std::default_delete<Entity>>,std::allocator<std::unique_ptr<Entity,std::default_delete<Entity>>>>'
  
D:\SDL3_Engine\Engine\TextureManager.h(22,28): warning C4251: 'TextureManager::textures': 'std::vector<SDL_Texture *,std::allocator<SDL_Texture *>>' needs to have dll-interface to be used by clients of 'TextureManager'
  (compiling source file 'Map.cpp')
      C:\Program Files\Microsoft Visual Studio\2022\Community\VC\Tools\MSVC\14.44.35207\include\vector(442,7):
      see declaration of 'std::vector<SDL_Texture *,std::allocator<SDL_Texture *>>'
  
D:\SDL3_Engine\Engine\AssetManager.h(22,38): warning C4251: 'AssetManager::textures': 'std::map<std::string,SDL_Texture *,std::less<std::string>,std::allocator<std::pair<const std::string,SDL_Texture *>>>' needs to have dll-interface to be used by clients of 'AssetManager'
  (compiling source file 'Map.cpp')
      C:\Program Files\Microsoft Visual Studio\2022\Community\VC\Tools\MSVC\14.44.35207\include\map(72,7):
      see declaration of 'std::map<std::string,SDL_Texture *,std::less<std::string>,std::allocator<std::pair<const std::string,SDL_Texture *>>>'
  
D:\SDL3_Engine\Engine\TileComponent.h(13,21): warning C4244: '=': conversion from 'int' to 'float', possible loss of data
  (compiling source file 'Map.cpp')
  
D:\SDL3_Engine\Engine\TileComponent.h(14,21): warning C4244: '=': conversion from 'int' to 'float', possible loss of data
  (compiling source file 'Map.cpp')
  
D:\SDL3_Engine\Engine\TileComponent.h(17,22): warning C4244: '=': conversion from 'int' to 'float', possible loss of data
  (compiling source file 'Map.cpp')
  
D:\SDL3_Engine\Engine\TileComponent.h(18,22): warning C4244: '=': conversion from 'int' to 'float', possible loss of data
  (compiling source file 'Map.cpp')
  
D:\SDL3_Engine\Engine\Animation.h(23,31): warning C4244: '=': conversion from 'Uint64' to 'Uint32', possible loss of data
  (compiling source file 'Map.cpp')
  
D:\SDL3_Engine\Engine\AnimationJSON.h(21,35): warning C4251: 'AnimationJSON::animations': 'std::map<std::string,Animation,std::less<std::string>,std::allocator<std::pair<const std::string,Animation>>>' needs to have dll-interface to be used by clients of 'AnimationJSON'
  (compiling source file 'Map.cpp')
      C:\Program Files\Microsoft Visual Studio\2022\Community\VC\Tools\MSVC\14.44.35207\include\map(72,7):
      see declaration of 'std::map<std::string,Animation,std::less<std::string>,std::allocator<std::pair<const std::string,Animation>>>'
  
D:\SDL3_Engine\Engine\AnimationJSON.h(28,7): warning C4251: 'AnimationJSON::animationJ': 'nlohmann::json_abi_v3_12_0::basic_json<std::map,std::vector,std::string,bool,int64_t,uint64_t,double,std::allocator,nlohmann::json_abi_v3_12_0::adl_serializer,std::vector<uint8_t,std::allocator<uint8_t>>,void>' needs to have dll-interface to be used by clients of 'AnimationJSON'
  (compiling source file 'Map.cpp')
      D:\SDL3_Engine\Engine\packages\nlohmann.json.3.12.0\build\native\include\nlohmann\json.hpp(20112,7):
      see declaration of 'nlohmann::json_abi_v3_12_0::basic_json<std::map,std::vector,std::string,bool,int64_t,uint64_t,double,std::allocator,nlohmann::json_abi_v3_12_0::adl_serializer,std::vector<uint8_t,std::allocator<uint8_t>>,void>'
  
D:\SDL3_Engine\Engine\SpriteComponent.h(63,24): warning C4244: '=': conversion from 'int' to 'float', possible loss of data
  (compiling source file 'Map.cpp')
  
D:\SDL3_Engine\Engine\SpriteComponent.h(64,24): warning C4244: '=': conversion from 'int' to 'float', possible loss of data
  (compiling source file 'Map.cpp')
  
D:\SDL3_Engine\Engine\SpriteComponent.h(66,25): warning C4244: '=': conversion from 'int' to 'float', possible loss of data
  (compiling source file 'Map.cpp')
  
D:\SDL3_Engine\Engine\SpriteComponent.h(67,25): warning C4244: '=': conversion from 'int' to 'float', possible loss of data
  (compiling source file 'Map.cpp')
  
D:\SDL3_Engine\Engine\SpriteComponent.h(80,31): warning C4244: '=': conversion from 'Uint64' to 'Uint32', possible loss of data
  (compiling source file 'Map.cpp')
  
D:\SDL3_Engine\Engine\SpriteComponent.h(91,51): warning C4267: '=': conversion from 'size_t' to 'int', possible loss of data
  (compiling source file 'Map.cpp')
  
D:\SDL3_Engine\Engine\SpriteComponent.h(99,58): warning C4244: '=': conversion from 'int' to 'float', possible loss of data
  (compiling source file 'Map.cpp')
  
D:\SDL3_Engine\Engine\SpriteComponent.h(100,58): warning C4244: '=': conversion from 'int' to 'float', possible loss of data
  (compiling source file 'Map.cpp')
  
D:\SDL3_Engine\Engine\SpriteComponent.h(107,58): warning C4244: '=': conversion from 'int' to 'float', possible loss of data
  (compiling source file 'Map.cpp')
  
D:\SDL3_Engine\Engine\SpriteComponent.h(108,58): warning C4244: '=': conversion from 'int' to 'float', possible loss of data
  (compiling source file 'Map.cpp')
  
D:\SDL3_Engine\Engine\SpriteComponent.h(109,35): warning C4244: '=': conversion from 'int' to 'float', possible loss of data
  (compiling source file 'Map.cpp')
  
D:\SDL3_Engine\Engine\SpriteComponent.h(110,36): warning C4244: '=': conversion from 'int' to 'float', possible loss of data
  (compiling source file 'Map.cpp')
  
D:\SDL3_Engine\Engine\SpatialGrid.h(24,64): warning C4251: 'SpatialGrid::cells': 'std::vector<std::vector<std::vector<CollisionComponent *,std::allocator<CollisionComponent *>>,std::allocator<std::vector<CollisionComponent *,std::allocator<CollisionComponent *>>>>,std::allocator<std::vector<std::vector<CollisionComponent *,std::allocator<CollisionComponent *>>,std::allocator<std::vector<CollisionComponent *,std::allocator<CollisionComponent *>>>>>>' needs to have dll-interface to be used by clients of 'SpatialGrid'
  (compiling source file 'Map.cpp')
      C:\Program Files\Microsoft Visual Studio\2022\Community\VC\Tools\MSVC\14.44.35207\include\vector(442,7):
      see declaration of 'std::vector<std::vector<std::vector<CollisionComponent *,std::allocator<CollisionComponent *>>,std::allocator<std::vector<CollisionComponent *,std::allocator<CollisionComponent *>>>>,std::allocator<std::vector<std::vector<CollisionComponent *,std::allocator<CollisionComponent *>>,std::allocator<std::vector<CollisionComponent *,std::allocator<CollisionComponent *>>>>>>'
  
D:\SDL3_Engine\Engine\SpatialGrid.h(25,79): warning C4251: 'SpatialGrid::objectCells': 'std::unordered_map<CollisionComponent *,std::vector<std::pair<int,int>,std::allocator<std::pair<int,int>>>,std::hash<CollisionComponent *>,std::equal_to<CollisionComponent *>,std::allocator<std::pair<CollisionComponent *const ,std::vector<std::pair<int,int>,std::allocator<std::pair<int,int>>>>>>' needs to have dll-interface to be used by clients of 'SpatialGrid'
  (compiling source file 'Map.cpp')
      C:\Program Files\Microsoft Visual Studio\2022\Community\VC\Tools\MSVC\14.44.35207\include\unordered_map(61,7):
      see declaration of 'std::unordered_map<CollisionComponent *,std::vector<std::pair<int,int>,std::allocator<std::pair<int,int>>>,std::hash<CollisionComponent *>,std::equal_to<CollisionComponent *>,std::allocator<std::pair<CollisionComponent *const ,std::vector<std::pair<int,int>,std::allocator<std::pair<int,int>>>>>>'
  
D:\SDL3_Engine\Engine\CollisionComponent.h(27,39): warning C4244: '=': conversion from 'int' to 'float', possible loss of data
  (compiling source file 'Map.cpp')
  
D:\SDL3_Engine\Engine\CollisionComponent.h(28,40): warning C4244: '=': conversion from 'int' to 'float', possible loss of data
  (compiling source file 'Map.cpp')
  
D:\SDL3_Engine\Engine\CollisionComponent.h(37,39): warning C4244: '=': conversion from 'int' to 'float', possible loss of data
  (compiling source file 'Map.cpp')
  
D:\SDL3_Engine\Engine\CollisionComponent.h(38,40): warning C4244: '=': conversion from 'int' to 'float', possible loss of data
  (compiling source file 'Map.cpp')
  
D:\SDL3_Engine\Engine\CollisionComponent.h(58,38): warning C4244: '=': conversion from 'int' to 'float', possible loss of data
  (compiling source file 'Map.cpp')
  
D:\SDL3_Engine\Engine\CollisionComponent.h(59,39): warning C4244: '=': conversion from 'int' to 'float', possible loss of data
  (compiling source file 'Map.cpp')
  
D:\SDL3_Engine\Engine\CollisionComponent.h(85,38): warning C4244: '=': conversion from 'int' to 'float', possible loss of data
  (compiling source file 'Map.cpp')
  
D:\SDL3_Engine\Engine\CollisionComponent.h(86,39): warning C4244: '=': conversion from 'int' to 'float', possible loss of data
  (compiling source file 'Map.cpp')
  
D:\SDL3_Engine\Engine\Map.cpp(59,14): warning C4244: 'initializing': conversion from 'float' to 'int', possible loss of data
D:\SDL3_Engine\Engine\Map.cpp(60,14): warning C4244: 'initializing': conversion from 'float' to 'int', possible loss of data
D:\SDL3_Engine\Engine\ECS.h(93,35): warning C4244: 'argument': conversion from 'TargetType' to 'float', possible loss of data
D:\SDL3_Engine\Engine\ECS.h(93,35): warning C4244:         with
D:\SDL3_Engine\Engine\ECS.h(93,35): warning C4244:         [
D:\SDL3_Engine\Engine\ECS.h(93,35): warning C4244:             TargetType=int
D:\SDL3_Engine\Engine\ECS.h(93,35): warning C4244:         ]
  (compiling source file 'Map.cpp')
      D:\SDL3_Engine\Engine\ECS.h(93,35):
      the template instantiation context (the oldest one first) is
          D:\SDL3_Engine\Engine\Map.cpp(133,8):
          see reference to function template instantiation 'T &Entity::addComponent<TransformComponent,int&,int&,int,int,int&>(int &,int &,int &&,int &&,int &)' being compiled
          with
          [
              T=TransformComponent
          ]
  
  Spatialgrid.cpp
D:\SDL3_Engine\Engine\SpatialGrid.h(24,64): warning C4251: 'SpatialGrid::cells': 'std::vector<std::vector<std::vector<CollisionComponent *,std::allocator<CollisionComponent *>>,std::allocator<std::vector<CollisionComponent *,std::allocator<CollisionComponent *>>>>,std::allocator<std::vector<std::vector<CollisionComponent *,std::allocator<CollisionComponent *>>,std::allocator<std::vector<CollisionComponent *,std::allocator<CollisionComponent *>>>>>>' needs to have dll-interface to be used by clients of 'SpatialGrid'
  (compiling source file 'Spatialgrid.cpp')
      C:\Program Files\Microsoft Visual Studio\2022\Community\VC\Tools\MSVC\14.44.35207\include\vector(442,7):
      see declaration of 'std::vector<std::vector<std::vector<CollisionComponent *,std::allocator<CollisionComponent *>>,std::allocator<std::vector<CollisionComponent *,std::allocator<CollisionComponent *>>>>,std::allocator<std::vector<std::vector<CollisionComponent *,std::allocator<CollisionComponent *>>,std::allocator<std::vector<CollisionComponent *,std::allocator<CollisionComponent *>>>>>>'
  
D:\SDL3_Engine\Engine\SpatialGrid.h(25,79): warning C4251: 'SpatialGrid::objectCells': 'std::unordered_map<CollisionComponent *,std::vector<std::pair<int,int>,std::allocator<std::pair<int,int>>>,std::hash<CollisionComponent *>,std::equal_to<CollisionComponent *>,std::allocator<std::pair<CollisionComponent *const ,std::vector<std::pair<int,int>,std::allocator<std::pair<int,int>>>>>>' needs to have dll-interface to be used by clients of 'SpatialGrid'
  (compiling source file 'Spatialgrid.cpp')
      C:\Program Files\Microsoft Visual Studio\2022\Community\VC\Tools\MSVC\14.44.35207\include\unordered_map(61,7):
      see declaration of 'std::unordered_map<CollisionComponent *,std::vector<std::pair<int,int>,std::allocator<std::pair<int,int>>>,std::hash<CollisionComponent *>,std::equal_to<CollisionComponent *>,std::allocator<std::pair<CollisionComponent *const ,std::vector<std::pair<int,int>,std::allocator<std::pair<int,int>>>>>>'
  
D:\SDL3_Engine\Engine\ECS.h(116,42): warning C4251: 'Entity::components': 'std::vector<std::unique_ptr<Component,std::default_delete<Component>>,std::allocator<std::unique_ptr<Component,std::default_delete<Component>>>>' needs to have dll-interface to be used by clients of 'Entity'
  (compiling source file 'Spatialgrid.cpp')
      C:\Program Files\Microsoft Visual Studio\2022\Community\VC\Tools\MSVC\14.44.35207\include\vector(442,7):
      see declaration of 'std::vector<std::unique_ptr<Component,std::default_delete<Component>>,std::allocator<std::unique_ptr<Component,std::default_delete<Component>>>>'
  
D:\SDL3_Engine\Engine\ECS.h(119,18): warning C4251: 'Entity::componentBitset': 'std::bitset<32>' needs to have dll-interface to be used by clients of 'Entity'
  (compiling source file 'Spatialgrid.cpp')
      C:\Program Files\Microsoft Visual Studio\2022\Community\VC\Tools\MSVC\14.44.35207\include\bitset(72,7):
      see declaration of 'std::bitset<32>'
  
D:\SDL3_Engine\Engine\ECS.h(120,14): warning C4251: 'Entity::groupBitset': 'std::bitset<32>' needs to have dll-interface to be used by clients of 'Entity'
  (compiling source file 'Spatialgrid.cpp')
      C:\Program Files\Microsoft Visual Studio\2022\Community\VC\Tools\MSVC\14.44.35207\include\bitset(72,7):
      see declaration of 'std::bitset<32>'
  
D:\SDL3_Engine\Engine\ECS.h(187,39): warning C4251: 'Manager::entities': 'std::vector<std::unique_ptr<Entity,std::default_delete<Entity>>,std::allocator<std::unique_ptr<Entity,std::default_delete<Entity>>>>' needs to have dll-interface to be used by clients of 'Manager'
  (compiling source file 'Spatialgrid.cpp')
      C:\Program Files\Microsoft Visual Studio\2022\Community\VC\Tools\MSVC\14.44.35207\include\vector(442,7):
      see declaration of 'std::vector<std::unique_ptr<Entity,std::default_delete<Entity>>,std::allocator<std::unique_ptr<Entity,std::default_delete<Entity>>>>'
  
D:\SDL3_Engine\Engine\TextureManager.h(22,28): warning C4251: 'TextureManager::textures': 'std::vector<SDL_Texture *,std::allocator<SDL_Texture *>>' needs to have dll-interface to be used by clients of 'TextureManager'
  (compiling source file 'Spatialgrid.cpp')
      C:\Program Files\Microsoft Visual Studio\2022\Community\VC\Tools\MSVC\14.44.35207\include\vector(442,7):
      see declaration of 'std::vector<SDL_Texture *,std::allocator<SDL_Texture *>>'
  
D:\SDL3_Engine\Engine\AssetManager.h(22,38): warning C4251: 'AssetManager::textures': 'std::map<std::string,SDL_Texture *,std::less<std::string>,std::allocator<std::pair<const std::string,SDL_Texture *>>>' needs to have dll-interface to be used by clients of 'AssetManager'
  (compiling source file 'Spatialgrid.cpp')
      C:\Program Files\Microsoft Visual Studio\2022\Community\VC\Tools\MSVC\14.44.35207\include\map(72,7):
      see declaration of 'std::map<std::string,SDL_Texture *,std::less<std::string>,std::allocator<std::pair<const std::string,SDL_Texture *>>>'
  
D:\SDL3_Engine\Engine\Animation.h(23,31): warning C4244: '=': conversion from 'Uint64' to 'Uint32', possible loss of data
  (compiling source file 'Spatialgrid.cpp')
  
D:\SDL3_Engine\Engine\AnimationJSON.h(21,35): warning C4251: 'AnimationJSON::animations': 'std::map<std::string,Animation,std::less<std::string>,std::allocator<std::pair<const std::string,Animation>>>' needs to have dll-interface to be used by clients of 'AnimationJSON'
  (compiling source file 'Spatialgrid.cpp')
      C:\Program Files\Microsoft Visual Studio\2022\Community\VC\Tools\MSVC\14.44.35207\include\map(72,7):
      see declaration of 'std::map<std::string,Animation,std::less<std::string>,std::allocator<std::pair<const std::string,Animation>>>'
  
D:\SDL3_Engine\Engine\AnimationJSON.h(28,7): warning C4251: 'AnimationJSON::animationJ': 'nlohmann::json_abi_v3_12_0::basic_json<std::map,std::vector,std::string,bool,int64_t,uint64_t,double,std::allocator,nlohmann::json_abi_v3_12_0::adl_serializer,std::vector<uint8_t,std::allocator<uint8_t>>,void>' needs to have dll-interface to be used by clients of 'AnimationJSON'
  (compiling source file 'Spatialgrid.cpp')
      D:\SDL3_Engine\Engine\packages\nlohmann.json.3.12.0\build\native\include\nlohmann\json.hpp(20112,7):
      see declaration of 'nlohmann::json_abi_v3_12_0::basic_json<std::map,std::vector,std::string,bool,int64_t,uint64_t,double,std::allocator,nlohmann::json_abi_v3_12_0::adl_serializer,std::vector<uint8_t,std::allocator<uint8_t>>,void>'
  
D:\SDL3_Engine\Engine\SpriteComponent.h(63,24): warning C4244: '=': conversion from 'int' to 'float', possible loss of data
  (compiling source file 'Spatialgrid.cpp')
  
D:\SDL3_Engine\Engine\SpriteComponent.h(64,24): warning C4244: '=': conversion from 'int' to 'float', possible loss of data
  (compiling source file 'Spatialgrid.cpp')
  
D:\SDL3_Engine\Engine\SpriteComponent.h(66,25): warning C4244: '=': conversion from 'int' to 'float', possible loss of data
  (compiling source file 'Spatialgrid.cpp')
  
D:\SDL3_Engine\Engine\SpriteComponent.h(67,25): warning C4244: '=': conversion from 'int' to 'float', possible loss of data
  (compiling source file 'Spatialgrid.cpp')
  
D:\SDL3_Engine\Engine\SpriteComponent.h(80,31): warning C4244: '=': conversion from 'Uint64' to 'Uint32', possible loss of data
  (compiling source file 'Spatialgrid.cpp')
  
D:\SDL3_Engine\Engine\SpriteComponent.h(91,51): warning C4267: '=': conversion from 'size_t' to 'int', possible loss of data
  (compiling source file 'Spatialgrid.cpp')
  
D:\SDL3_Engine\Engine\SpriteComponent.h(99,58): warning C4244: '=': conversion from 'int' to 'float', possible loss of data
  (compiling source file 'Spatialgrid.cpp')
  
D:\SDL3_Engine\Engine\SpriteComponent.h(100,58): warning C4244: '=': conversion from 'int' to 'float', possible loss of data
  (compiling source file 'Spatialgrid.cpp')
  
D:\SDL3_Engine\Engine\SpriteComponent.h(107,58): warning C4244: '=': conversion from 'int' to 'float', possible loss of data
  (compiling source file 'Spatialgrid.cpp')
  
D:\SDL3_Engine\Engine\SpriteComponent.h(108,58): warning C4244: '=': conversion from 'int' to 'float', possible loss of data
  (compiling source file 'Spatialgrid.cpp')
  
D:\SDL3_Engine\Engine\SpriteComponent.h(109,35): warning C4244: '=': conversion from 'int' to 'float', possible loss of data
  (compiling source file 'Spatialgrid.cpp')
  
D:\SDL3_Engine\Engine\SpriteComponent.h(110,36): warning C4244: '=': conversion from 'int' to 'float', possible loss of data
  (compiling source file 'Spatialgrid.cpp')
  
D:\SDL3_Engine\Engine\CollisionComponent.h(27,39): warning C4244: '=': conversion from 'int' to 'float', possible loss of data
  (compiling source file 'Spatialgrid.cpp')
  
D:\SDL3_Engine\Engine\CollisionComponent.h(28,40): warning C4244: '=': conversion from 'int' to 'float', possible loss of data
  (compiling source file 'Spatialgrid.cpp')
  
D:\SDL3_Engine\Engine\CollisionComponent.h(37,39): warning C4244: '=': conversion from 'int' to 'float', possible loss of data
  (compiling source file 'Spatialgrid.cpp')
  
D:\SDL3_Engine\Engine\CollisionComponent.h(38,40): warning C4244: '=': conversion from 'int' to 'float', possible loss of data
  (compiling source file 'Spatialgrid.cpp')
  
D:\SDL3_Engine\Engine\CollisionComponent.h(58,38): warning C4244: '=': conversion from 'int' to 'float', possible loss of data
  (compiling source file 'Spatialgrid.cpp')
  
D:\SDL3_Engine\Engine\CollisionComponent.h(59,39): warning C4244: '=': conversion from 'int' to 'float', possible loss of data
  (compiling source file 'Spatialgrid.cpp')
  
D:\SDL3_Engine\Engine\CollisionComponent.h(85,38): warning C4244: '=': conversion from 'int' to 'float', possible loss of data
  (compiling source file 'Spatialgrid.cpp')
  
D:\SDL3_Engine\Engine\CollisionComponent.h(86,39): warning C4244: '=': conversion from 'int' to 'float', possible loss of data
  (compiling source file 'Spatialgrid.cpp')
  
  TextureManager.cpp
D:\SDL3_Engine\Engine\TextureManager.h(22,28): warning C4251: 'TextureManager::textures': 'std::vector<SDL_Texture *,std::allocator<SDL_Texture *>>' needs to have dll-interface to be used by clients of 'TextureManager'
  (compiling source file 'TextureManager.cpp')
      C:\Program Files\Microsoft Visual Studio\2022\Community\VC\Tools\MSVC\14.44.35207\include\vector(442,7):
      see declaration of 'std::vector<SDL_Texture *,std::allocator<SDL_Texture *>>'
  
D:\SDL3_Engine\Engine\ECS.h(116,42): warning C4251: 'Entity::components': 'std::vector<std::unique_ptr<Component,std::default_delete<Component>>,std::allocator<std::unique_ptr<Component,std::default_delete<Component>>>>' needs to have dll-interface to be used by clients of 'Entity'
  (compiling source file 'TextureManager.cpp')
      C:\Program Files\Microsoft Visual Studio\2022\Community\VC\Tools\MSVC\14.44.35207\include\vector(442,7):
      see declaration of 'std::vector<std::unique_ptr<Component,std::default_delete<Component>>,std::allocator<std::unique_ptr<Component,std::default_delete<Component>>>>'
  
D:\SDL3_Engine\Engine\ECS.h(119,18): warning C4251: 'Entity::componentBitset': 'std::bitset<32>' needs to have dll-interface to be used by clients of 'Entity'
  (compiling source file 'TextureManager.cpp')
      C:\Program Files\Microsoft Visual Studio\2022\Community\VC\Tools\MSVC\14.44.35207\include\bitset(72,7):
      see declaration of 'std::bitset<32>'
  
D:\SDL3_Engine\Engine\ECS.h(120,14): warning C4251: 'Entity::groupBitset': 'std::bitset<32>' needs to have dll-interface to be used by clients of 'Entity'
  (compiling source file 'TextureManager.cpp')
      C:\Program Files\Microsoft Visual Studio\2022\Community\VC\Tools\MSVC\14.44.35207\include\bitset(72,7):
      see declaration of 'std::bitset<32>'
  
D:\SDL3_Engine\Engine\ECS.h(187,39): warning C4251: 'Manager::entities': 'std::vector<std::unique_ptr<Entity,std::default_delete<Entity>>,std::allocator<std::unique_ptr<Entity,std::default_delete<Entity>>>>' needs to have dll-interface to be used by clients of 'Manager'
  (compiling source file 'TextureManager.cpp')
      C:\Program Files\Microsoft Visual Studio\2022\Community\VC\Tools\MSVC\14.44.35207\include\vector(442,7):
      see declaration of 'std::vector<std::unique_ptr<Entity,std::default_delete<Entity>>,std::allocator<std::unique_ptr<Entity,std::default_delete<Entity>>>>'
  
  Vector2D.cpp
  WindowRender.cpp
     Creating library D:\SDL3_Engine\Engine\x64\Release\Engine.lib and object D:\SDL3_Engine\Engine\x64\Release\Engine.exp
  Generating code
  Previous IPDB not found, fall back to full compilation.
  All 3447 functions were compiled because no usable IPDB/IOBJ from previous compilation was found.
  Finished generating code
  Project1.vcxproj -> D:\SDL3_Engine\Engine\x64\Release\Engine.dll
          1 file(s) copied.
  D:\SDL3_Engine\Engine\Animation.h
  D:\SDL3_Engine\Engine\AnimationJSON.h
  D:\SDL3_Engine\Engine\AssetManager.h
  D:\SDL3_Engine\Engine\CollisionComponent.h
  D:\SDL3_Engine\Engine\Components.h
  D:\SDL3_Engine\Engine\ECS.h
  D:\SDL3_Engine\Engine\Engine.h
  D:\SDL3_Engine\Engine\EngineAPI.h
  D:\SDL3_Engine\Engine\EngineTypes.h
  D:\SDL3_Engine\Engine\Header.h
  D:\SDL3_Engine\Engine\KeyboardController.h
  D:\SDL3_Engine\Engine\Map.h
  D:\SDL3_Engine\Engine\SDLWrapper.h
  D:\SDL3_Engine\Engine\SpatialGrid.h
  D:\SDL3_Engine\Engine\SpriteComponent.h
  D:\SDL3_Engine\Engine\TextureManager.h
  D:\SDL3_Engine\Engine\TileComponent.h
  D:\SDL3_Engine\Engine\TransformComponent.h
  D:\SDL3_Engine\Engine\Vector2D.h
  D:\SDL3_Engine\Engine\WindowRender.h
  20 File(s) copied
  D:\SDL3_Engine\Engine\x64\Release\Engine.dll
  1 File(s) copied
